빌드 시작: 2020-10-17 오전 7:07:58
     1>2 노드의 "C:\Users\LHJUN\Desktop\코딩\자료구조\공부(복습)\HW1_5(이중 연결 리스트 ADT)\HW1_5(이중 연결 리스트 ADT).vcxproj" 프로젝트(build 대상)입니다.
     1>InitializeBuildStatus:
         "AlwaysCreate"이(가) 지정되었기 때문에 "Debug\HW1_5(이중 연결 리스트 ADT).unsuccessfulbuild"을(를) 만들고 있습니다.
       ClCompile:
         C:\Program Files (x86)\Microsoft Visual Studio 10.0\VC\bin\CL.exe /c /ZI /nologo /W3 /WX- /Od /Oy- /D WIN32 /D _DEBUG /D _CONSOLE /D _UNICODE /D UNICODE /Gm /EHsc /RTC1 /MDd /GS /fp:precise /Zc:wchar_t /Zc:forScope /Fo"Debug\\" /Fd"Debug\vc100.pdb" /Gd /TC /analyze- /errorReport:prompt "HW1_5(이중 연결 리스트 ADT).c"
         HW1_5(이중 연결 리스트 ADT).c
     1>c:\users\lhjun\desktop\코딩\자료구조\공부(복습)\hw1_5(이중 연결 리스트 adt)\hw1_5(이중 연결 리스트 adt).c(94): warning C4996: 'scanf': This function or variable may be unsafe. Consider using scanf_s instead. To disable deprecation, use _CRT_SECURE_NO_WARNINGS. See online help for details.
                 c:\program files (x86)\microsoft visual studio 10.0\vc\include\stdio.h(304) : 'scanf' 선언을 참조하십시오.
       ManifestResourceCompile:
         모든 출력이 최신 상태입니다.
       Link:
         C:\Program Files (x86)\Microsoft Visual Studio 10.0\VC\bin\link.exe /ERRORREPORT:PROMPT /OUT:"C:\Users\LHJUN\Desktop\코딩\자료구조\공부(복습)\Debug\HW1_5(이중 연결 리스트 ADT).exe" /INCREMENTAL /NOLOGO kernel32.lib user32.lib gdi32.lib winspool.lib comdlg32.lib advapi32.lib shell32.lib ole32.lib oleaut32.lib uuid.lib odbc32.lib odbccp32.lib /MANIFEST /ManifestFile:"Debug\HW1_5(이중 연결 리스트 ADT).exe.intermediate.manifest" /MANIFESTUAC:"level='asInvoker' uiAccess='false'" /DEBUG /PDB:"C:\Users\LHJUN\Desktop\코딩\자료구조\공부(복습)\Debug\HW1_5(이중 연결 리스트 ADT).pdb" /SUBSYSTEM:CONSOLE /TLBID:1 /DYNAMICBASE /NXCOMPAT /IMPLIB:"C:\Users\LHJUN\Desktop\코딩\자료구조\공부(복습)\Debug\HW1_5(이중 연결 리스트 ADT).lib" /MACHINE:X86 "Debug\HW1_5(이중 연결 리스트 ADT).exe.embed.manifest.res"
         "Debug\HW1_5(이중 연결 리스트 ADT).obj"
       Manifest:
         C:\Program Files (x86)\Microsoft SDKs\Windows\v7.0A\bin\mt.exe /nologo /verbose /out:"Debug\HW1_5(이중 연결 리스트 ADT).exe.embed.manifest" /manifest "Debug\HW1_5(이중 연결 리스트 ADT).exe.intermediate.manifest"
         모든 출력이 최신 상태입니다.
       LinkEmbedManifest:
         모든 출력이 최신 상태입니다.
         HW1_5(이중 연결 리스트 ADT).vcxproj -> C:\Users\LHJUN\Desktop\코딩\자료구조\공부(복습)\Debug\HW1_5(이중 연결 리스트 ADT).exe
       FinalizeBuildStatus:
         "Debug\HW1_5(이중 연결 리스트 ADT).unsuccessfulbuild" 파일을 삭제하고 있습니다.
         "Debug\HW1_5(이중 연결 리스트 ADT).lastbuildstate"에 연결(touching)하고 있습니다.
     1>"C:\Users\LHJUN\Desktop\코딩\자료구조\공부(복습)\HW1_5(이중 연결 리스트 ADT)\HW1_5(이중 연결 리스트 ADT).vcxproj" 프로젝트를 빌드했습니다(build 대상).

빌드했습니다.

경과 시간: 00:00:00.68
